<?xml version="1.0" encoding="UTF-8"?>
<!-- Generated by org.testng.reporters.JUnitXMLReporter -->
<testsuite ignored="1" hostname="Nihar" failures="0" tests="1" name="Default test" time="3.478" errors="0" timestamp="2023-11-23T18:13:39 IST">
  <testcase classname="opencart.tests.ProductDisplayTest" name="TC_PDP_002" time="1.456"/>
  <testcase classname="opencart.tests.ProductDisplayTest" name="TC_PDP_001" time="0.0">
    <ignored/>
  </testcase> <!-- TC_PDP_001 -->
</testsuite> <!-- Default test -->
