<?xml version="1.0" encoding="UTF-8"?>
<!-- Generated by org.testng.reporters.JUnitXMLReporter -->
<testsuite ignored="7" hostname="Nihar" failures="0" tests="1" name="Default test" time="4.678" errors="0" timestamp="2023-11-22T11:40:43 IST">
  <testcase classname="opencart.tests.ProductComparisonFunctionalityTest" name="TC_PC_008" time="1.091"/>
  <testcase classname="opencart.tests.ProductComparisonFunctionalityTest" name="TC_PC_007" time="0.0">
    <ignored/>
  </testcase> <!-- TC_PC_007 -->
  <testcase classname="opencart.tests.ProductComparisonFunctionalityTest" name="TC_PC_004" time="0.0">
    <ignored/>
  </testcase> <!-- TC_PC_004 -->
  <testcase classname="opencart.tests.ProductComparisonFunctionalityTest" name="TC_PC_006" time="0.0">
    <ignored/>
  </testcase> <!-- TC_PC_006 -->
  <testcase classname="opencart.tests.ProductComparisonFunctionalityTest" name="TC_PC_001" time="0.0">
    <ignored/>
  </testcase> <!-- TC_PC_001 -->
  <testcase classname="opencart.tests.ProductComparisonFunctionalityTest" name="TC_PC_003" time="0.0">
    <ignored/>
  </testcase> <!-- TC_PC_003 -->
  <testcase classname="opencart.tests.ProductComparisonFunctionalityTest" name="TC_PC_005" time="0.0">
    <ignored/>
  </testcase> <!-- TC_PC_005 -->
  <testcase classname="opencart.tests.ProductComparisonFunctionalityTest" name="TC_PC_002" time="0.0">
    <ignored/>
  </testcase> <!-- TC_PC_002 -->
</testsuite> <!-- Default test -->
