<?xml version="1.0" encoding="UTF-8"?>
<!-- Generated by org.testng.reporters.JUnitXMLReporter -->
<testsuite ignored="0" hostname="Nihar" failures="0" tests="6" name="Validate Login Functionality" time="15.888" errors="0" timestamp="2023-11-10T18:54:00 IST">
  <testcase classname="opencart.tests.LoginTest" name="loginWithInvalidEmailvalidPassword" time="0.772"/>
  <testcase classname="opencart.tests.LoginTest" name="loginWithUnregisteredEmailPassword" time="0.837"/>
  <testcase classname="opencart.tests.LoginTest" name="loginWithValidEmailInvalidPassword" time="0.815"/>
  <testcase classname="opencart.tests.LoginTest" name="loginWithoutEmailAndPassword" time="0.76"/>
  <testcase classname="opencart.tests.LoginTest" name="loginWithvalidData" time="1.139"/>
  <testcase classname="opencart.tests.LoginTest" name="loginWithvalidData" time="1.035"/>
</testsuite> <!-- Validate Login Functionality -->
