<?xml version="1.0" encoding="UTF-8"?>
<testng-results ignored="1" total="2" passed="1" failed="0" skipped="0">
  <reporter-output>
  </reporter-output>
  <suite started-at="2023-11-23T18:13:35 IST" name="Default suite" finished-at="2023-11-23T18:13:39 IST" duration-ms="3478">
    <groups>
    </groups>
    <test started-at="2023-11-23T18:13:35 IST" name="Default test" finished-at="2023-11-23T18:13:39 IST" duration-ms="3478">
      <class name="opencart.tests.ProductDisplayTest">
        <test-method is-config="true" signature="launchApplication()[pri:0, instance:opencart.tests.ProductDisplayTest@689604d9]" started-at="2023-11-23T18:13:35 IST" name="launchApplication" finished-at="2023-11-23T18:13:37 IST" duration-ms="1879" status="PASS">
          <reporter-output>
          </reporter-output>
        </test-method> <!-- launchApplication -->
        <test-method signature="TC_PDP_002()[pri:0, instance:opencart.tests.ProductDisplayTest@689604d9]" started-at="2023-11-23T18:13:37 IST" name="TC_PDP_002" finished-at="2023-11-23T18:13:38 IST" duration-ms="1456" status="PASS">
          <reporter-output>
          </reporter-output>
        </test-method> <!-- TC_PDP_002 -->
        <test-method is-config="true" signature="tearDown()[pri:0, instance:opencart.tests.ProductDisplayTest@689604d9]" started-at="2023-11-23T18:13:38 IST" name="tearDown" finished-at="2023-11-23T18:13:39 IST" duration-ms="102" status="PASS">
          <reporter-output>
          </reporter-output>
        </test-method> <!-- tearDown -->
      </class> <!-- opencart.tests.ProductDisplayTest -->
    </test> <!-- Default test -->
  </suite> <!-- Default suite -->
</testng-results>
